<?xml version="1.0" encoding="UTF-8"?>
<testsuite xmlns:xsi="http://www.w3.org/2001/XMLSchema-instance" xsi:schemaLocation="https://maven.apache.org/surefire/maven-surefire-plugin/xsd/surefire-test-report.xsd" name="io.helidon.examples.quickstart.mp.MainTest" time="0.335" tests="1" errors="1" skipped="0" failures="0">
  <properties>
[...]
</properties>
  <testcase name="io.helidon.examples.quickstart.mp.MainTest" classname="io.helidon.examples.quickstart.mp.MainTest" time="0.334">
    <error message="Cannot load data from mandatory source UrlConfig[file:/C:/Users/ecastaneda1/repos/GITLAB/PERSONAL/helidon-poc/quickstart-mp/target/test-classes/META-INF/microprofile-config.properties]. Configuration at url &apos;file:/C:/Users/ecastaneda1/repos/GITLAB/PERSONAL/helidon-poc/quickstart-mp/target/test-classes/META-INF/microprofile-config.properties&apos; GET is not accessible." type="io.helidon.config.ConfigException"><![CDATA[io.helidon.config.ConfigException: Cannot load data from mandatory source UrlConfig[file:/C:/Users/ecastaneda1/repos/GITLAB/PERSONAL/helidon-poc/quickstart-mp/target/test-classes/META-INF/microprofile-config.properties]. Configuration at url 'file:/C:/Users/ecastaneda1/repos/GITLAB/PERSONAL/helidon-poc/quickstart-mp/target/test-classes/META-INF/microprofile-config.properties' GET is not accessible.
	at io.helidon.examples.quickstart.mp.MainTest.startTheServer(MainTest.java:39)
Caused by: io.helidon.config.ConfigException: Configuration at url 'file:/C:/Users/ecastaneda1/repos/GITLAB/PERSONAL/helidon-poc/quickstart-mp/target/test-classes/META-INF/microprofile-config.properties' GET is not accessible.
	at io.helidon.examples.quickstart.mp.MainTest.startTheServer(MainTest.java:39)
Caused by: java.nio.file.InvalidPathException: Illegal char <:> at index 2: /C:/Users/ecastaneda1/repos/GITLAB/PERSONAL/helidon-poc/quickstart-mp/target/test-classes/META-INF/microprofile-config.properties
	at io.helidon.examples.quickstart.mp.MainTest.startTheServer(MainTest.java:39)
]]></error>
  </testcase>
</testsuite>